<?xml version="1.0" encoding="UTF-8"?>
<!-- Generated by org.testng.reporters.JUnitXMLReporter -->
<testsuite hostname="MACYW57SLPC0143" ignored="0" name="Test" tests="1" failures="1" timestamp="21 Oct 2019 02:34:57 GMT" time="23.714" errors="0">
  <testcase name="run" time="23.534" classname="com.macys.run.MySampleSerenityStories">
    <failure type="org.jbehave.core.embedder.Embedder$RunningStoriesFailed" message="Failures in running stories: ReportsCount[stories=2,storiesNotAllowed=0,storiesPending=0,scenarios=1,scenariosFailed=1,scenariosNotAllowed=0,scenariosPending=0,stepsFailed=1]">
      <![CDATA[org.jbehave.core.embedder.Embedder$RunningStoriesFailed: Failures in running stories: ReportsCount[stories=2,storiesNotAllowed=0,storiesPending=0,scenarios=1,scenariosFailed=1,scenariosNotAllowed=0,scenariosPending=0,stepsFailed=1]
	at org.jbehave.core.embedder.Embedder$ThrowingRunningStoriesFailed.handleFailures(Embedder.java:557)
	at org.jbehave.core.embedder.Embedder.handleFailures(Embedder.java:279)
	at org.jbehave.core.embedder.Embedder.generateReportsView(Embedder.java:266)
	at org.jbehave.core.embedder.Embedder.generateReportsView(Embedder.java:247)
	at org.jbehave.core.embedder.Embedder.runStoriesAsPaths(Embedder.java:223)
	at org.jbehave.core.junit.JUnitStories.run(JUnitStories.java:20)
	at com.macys.run.MySampleSerenityStories.run(MySampleSerenityStories.java:22)
... Removed 25 stack frames]]>
    </failure>
  </testcase> <!-- run -->
</testsuite> <!-- Test -->
