<?xml version="1.0" encoding="UTF-8"?>
<testng-results skipped="0" failed="0" ignored="0" total="1" passed="1">
  <reporter-output>
  </reporter-output>
  <suite name="Failed suite [Suite]" duration-ms="76581" started-at="2019-10-21T02:35:50Z" finished-at="2019-10-21T02:37:06Z">
    <groups>
    </groups>
    <test name="Test(failed)" duration-ms="76581" started-at="2019-10-21T02:35:50Z" finished-at="2019-10-21T02:37:06Z">
      <class name="com.macys.run.MySampleSerenityStories">
        <test-method status="PASS" signature="run()[pri:0, instance:com.macys.run.MySampleSerenityStories@30a3107a]" name="run" duration-ms="76364" started-at="2019-10-21T08:05:50Z" finished-at="2019-10-21T08:07:06Z">
          <reporter-output>
          </reporter-output>
        </test-method> <!-- run -->
      </class> <!-- com.macys.run.MySampleSerenityStories -->
    </test> <!-- Test(failed) -->
  </suite> <!-- Failed suite [Suite] -->
</testng-results>
