<?xml version="1.0" encoding="UTF-8"?>
<testng-results skipped="0" failed="0" ignored="0" total="1" passed="1">
  <reporter-output>
  </reporter-output>
  <suite name="Suite" duration-ms="22625" started-at="2022-05-09T05:19:42Z" finished-at="2022-05-09T05:20:05Z">
    <groups>
    </groups>
    <test name="Test" duration-ms="22625" started-at="2022-05-09T05:19:42Z" finished-at="2022-05-09T05:20:05Z">
      <class name="com.macys.run.MySampleSerenityStories">
        <test-method status="PASS" signature="run()[pri:0, instance:com.macys.run.MySampleSerenityStories@6e1567f1]" name="run" duration-ms="22598" started-at="2022-05-09T10:49:42Z" finished-at="2022-05-09T10:50:05Z">
          <reporter-output>
          </reporter-output>
        </test-method> <!-- run -->
      </class> <!-- com.macys.run.MySampleSerenityStories -->
    </test> <!-- Test -->
  </suite> <!-- Suite -->
</testng-results>
